{"/Users/bernie/Code/nagal-shipping-rates/lib/getRate.js":{"path":"/Users/bernie/Code/nagal-shipping-rates/lib/getRate.js","s":{"1":1,"2":1,"3":1,"4":7,"5":7,"6":1,"7":6,"8":1,"9":5,"10":1,"11":4,"12":1,"13":4,"14":4,"15":4,"16":1,"17":3},"b":{"1":[7,1],"2":[1,6],"3":[1,5],"4":[1,4],"5":[1,3],"6":[1,3]},"f":{},"fnMap":{},"statementMap":{"1":{"start":{"line":1,"column":0},"end":{"line":1,"column":32}},"2":{"start":{"line":2,"column":0},"end":{"line":2,"column":32}},"3":{"start":{"line":4,"column":0},"end":{"line":17,"column":1}},"4":{"start":{"line":5,"column":2},"end":{"line":5,"column":24}},"5":{"start":{"line":7,"column":2},"end":{"line":7,"column":104}},"6":{"start":{"line":7,"column":40},"end":{"line":7,"column":104}},"7":{"start":{"line":8,"column":2},"end":{"line":8,"column":101}},"8":{"start":{"line":8,"column":39},"end":{"line":8,"column":101}},"9":{"start":{"line":9,"column":2},"end":{"line":9,"column":62}},"10":{"start":{"line":9,"column":20},"end":{"line":9,"column":62}},"11":{"start":{"line":10,"column":2},"end":{"line":10,"column":32}},"12":{"start":{"line":10,"column":20},"end":{"line":10,"column":32}},"13":{"start":{"line":12,"column":2},"end":{"line":12,"column":39}},"14":{"start":{"line":13,"column":2},"end":{"line":13,"column":40}},"15":{"start":{"line":15,"column":2},"end":{"line":15,"column":79}},"16":{"start":{"line":15,"column":23},"end":{"line":15,"column":79}},"17":{"start":{"line":16,"column":2},"end":{"line":16,"column":36}}},"branchMap":{"1":{"line":5,"type":"binary-expr","locations":[{"start":{"line":5,"column":12},"end":{"line":5,"column":19}},{"start":{"line":5,"column":23},"end":{"line":5,"column":24}}]},"2":{"line":7,"type":"if","locations":[{"start":{"line":7,"column":2},"end":{"line":7,"column":2}},{"start":{"line":7,"column":2},"end":{"line":7,"column":2}}]},"3":{"line":8,"type":"if","locations":[{"start":{"line":8,"column":2},"end":{"line":8,"column":2}},{"start":{"line":8,"column":2},"end":{"line":8,"column":2}}]},"4":{"line":9,"type":"if","locations":[{"start":{"line":9,"column":2},"end":{"line":9,"column":2}},{"start":{"line":9,"column":2},"end":{"line":9,"column":2}}]},"5":{"line":10,"type":"if","locations":[{"start":{"line":10,"column":2},"end":{"line":10,"column":2}},{"start":{"line":10,"column":2},"end":{"line":10,"column":2}}]},"6":{"line":15,"type":"if","locations":[{"start":{"line":15,"column":2},"end":{"line":15,"column":2}},{"start":{"line":15,"column":2},"end":{"line":15,"column":2}}]}}},"/Users/bernie/Code/nagal-shipping-rates/lib/rates.js":{"path":"/Users/bernie/Code/nagal-shipping-rates/lib/rates.js","s":{"1":1},"b":{},"f":{},"fnMap":{},"statementMap":{"1":{"start":{"line":1,"column":0},"end":{"line":12,"column":1}}},"branchMap":{}},"/Users/bernie/Code/nagal-shipping-rates/lib/zones.js":{"path":"/Users/bernie/Code/nagal-shipping-rates/lib/zones.js","s":{"1":1},"b":{},"f":{},"fnMap":{},"statementMap":{"1":{"start":{"line":1,"column":0},"end":{"line":26,"column":1}}},"branchMap":{}},"/Users/bernie/Code/nagal-shipping-rates/lib/getZone.js":{"path":"/Users/bernie/Code/nagal-shipping-rates/lib/getZone.js","s":{"1":1,"2":1,"3":1,"4":3,"5":3,"6":3,"7":3,"8":1,"9":2,"10":2,"11":6,"12":6,"13":6,"14":1,"15":5,"16":1,"17":4,"18":2},"b":{"1":[1,2],"2":[1,5],"3":[6,2],"4":[1,4],"5":[5,2]},"f":{},"fnMap":{},"statementMap":{"1":{"start":{"line":1,"column":0},"end":{"line":1,"column":36}},"2":{"start":{"line":2,"column":0},"end":{"line":2,"column":46}},"3":{"start":{"line":4,"column":0},"end":{"line":21,"column":1}},"4":{"start":{"line":5,"column":2},"end":{"line":5,"column":47}},"5":{"start":{"line":6,"column":2},"end":{"line":6,"column":30}},"6":{"start":{"line":7,"column":2},"end":{"line":7,"column":31}},"7":{"start":{"line":8,"column":2},"end":{"line":8,"column":36}},"8":{"start":{"line":8,"column":21},"end":{"line":8,"column":36}},"9":{"start":{"line":9,"column":2},"end":{"line":9,"column":62}},"10":{"start":{"line":10,"column":2},"end":{"line":16,"column":7}},"11":{"start":{"line":11,"column":4},"end":{"line":11,"column":45}},"12":{"start":{"line":12,"column":4},"end":{"line":12,"column":32}},"13":{"start":{"line":13,"column":4},"end":{"line":13,"column":78}},"14":{"start":{"line":13,"column":53},"end":{"line":13,"column":78}},"15":{"start":{"line":14,"column":4},"end":{"line":14,"column":77}},"16":{"start":{"line":14,"column":52},"end":{"line":14,"column":77}},"17":{"start":{"line":15,"column":4},"end":{"line":15,"column":15}},"18":{"start":{"line":17,"column":2},"end":{"line":20,"column":3}}},"branchMap":{"1":{"line":8,"type":"if","locations":[{"start":{"line":8,"column":2},"end":{"line":8,"column":2}},{"start":{"line":8,"column":2},"end":{"line":8,"column":2}}]},"2":{"line":13,"type":"if","locations":[{"start":{"line":13,"column":4},"end":{"line":13,"column":4}},{"start":{"line":13,"column":4},"end":{"line":13,"column":4}}]},"3":{"line":13,"type":"binary-expr","locations":[{"start":{"line":13,"column":8},"end":{"line":13,"column":26}},{"start":{"line":13,"column":30},"end":{"line":13,"column":51}}]},"4":{"line":14,"type":"if","locations":[{"start":{"line":14,"column":4},"end":{"line":14,"column":4}},{"start":{"line":14,"column":4},"end":{"line":14,"column":4}}]},"5":{"line":14,"type":"binary-expr","locations":[{"start":{"line":14,"column":8},"end":{"line":14,"column":27}},{"start":{"line":14,"column":31},"end":{"line":14,"column":50}}]}}}}