TN:
SF:/Users/bernie/Code/nagal-shipping-rates/lib/getRate.js
FNF:0
FNH:0
DA:1,1
DA:2,1
DA:4,1
DA:5,7
DA:7,7
DA:8,6
DA:9,5
DA:10,4
DA:12,4
DA:13,4
DA:15,4
DA:16,3
LF:12
LH:12
BRDA:5,1,0,7
BRDA:5,1,1,1
BRDA:7,2,0,1
BRDA:7,2,1,6
BRDA:8,3,0,1
BRDA:8,3,1,5
BRDA:9,4,0,1
BRDA:9,4,1,4
BRDA:10,5,0,1
BRDA:10,5,1,3
BRDA:15,6,0,1
BRDA:15,6,1,3
BRF:12
BRH:12
end_of_record
TN:
SF:/Users/bernie/Code/nagal-shipping-rates/lib/rates.js
FNF:0
FNH:0
DA:1,1
LF:1
LH:1
BRF:0
BRH:0
end_of_record
TN:
SF:/Users/bernie/Code/nagal-shipping-rates/lib/zones.js
FNF:0
FNH:0
DA:1,1
LF:1
LH:1
BRF:0
BRH:0
end_of_record
TN:
SF:/Users/bernie/Code/nagal-shipping-rates/lib/getZone.js
FNF:0
FNH:0
DA:1,1
DA:2,1
DA:4,1
DA:5,3
DA:6,3
DA:7,3
DA:8,3
DA:9,2
DA:10,2
DA:11,6
DA:12,6
DA:13,6
DA:14,5
DA:15,4
DA:17,2
LF:15
LH:15
BRDA:8,1,0,1
BRDA:8,1,1,2
BRDA:13,2,0,1
BRDA:13,2,1,5
BRDA:13,3,0,6
BRDA:13,3,1,2
BRDA:14,4,0,1
BRDA:14,4,1,4
BRDA:14,5,0,5
BRDA:14,5,1,2
BRF:10
BRH:10
end_of_record
